<?xml version="1.0" encoding="UTF-8"?>
<testsuite xmlns:xsi="http://www.w3.org/2001/XMLSchema-instance" xsi:noNamespaceSchemaLocation="https://maven.apache.org/surefire/maven-surefire-plugin/xsd/surefire-test-report-3.0.xsd" version="3.0" name="TestSuite" time="45.637" tests="1" errors="0" skipped="0" failures="0">
  <properties>
[...]
</properties>
  <testcase name="VerifyLeftPane[{Organization Name=ACME QAMS Services, HomePageTabs=All, Permission=Public, Sr. No.=1, Workspace Name=UAT_PI_2023_Q4_2_Week 1, Roles=Client Admin,Reviewer, LeftPaneOptions=FOLDERS}](1)" classname="DocumentsPage.DocumentsPageTest" time="36.339">
    <system-out><![CDATA[------Clicking on All tabs-----
Home page tab from excel: true
Organization Name is: ACME QAMS Services
Workspace Name is: UAT_PI_2023_Q4_2_Week 1
Organization
ACME QAMS Services
Matter Name
UAT
Matter Number
 123
]]></system-out>
    <system-err><![CDATA[ERROR StatusLogger Log4j2 could not find a logging implementation. Please add log4j-core to the classpath. Using SimpleLogger to log to the console...
1590 [main] INFO io.github.bonigarcia.wdm.WebDriverManager - Using chromedriver 118.0.5993.70 (resolved driver for Chrome 118)
1615 [main] INFO io.github.bonigarcia.wdm.WebDriverManager - Exporting webdriver.chrome.driver as C:\Users\dinkle.panchal\.cache\selenium\chromedriver\win64\118.0.5993.70\chromedriver.exe
Nov 06, 2023 2:28:56 PM org.openqa.selenium.devtools.CdpVersionFinder findNearestMatch
WARNING: Unable to find an exact match for CDP version 118, so returning the closest version found: 115
]]></system-err>
  </testcase>
</testsuite>